<?xml version="1.0" encoding="utf-8"?><testsuites name="pytest tests"><testsuite name="pytest" errors="0" failures="0" skipped="0" tests="3" time="1.173" timestamp="2026-08-15T12:17:24.899909+00:00" hostname="agent-env-940eba5e-6d0b-461b-8108-ef9b0e984c6c"><testcase classname="tests.test_customer_churn_workflow" name="test_reports_and_artifact_exist_and_have_requested_metrics" time="0.001" /><testcase classname="tests.test_customer_churn_workflow" name="test_saved_pipeline_reloads_and_predicts_from_project_root" time="0.844" /><testcase classname="tests.test_customer_churn_workflow" name="test_cleaning_removes_duplicates_and_converts_blank_total_charges" time="0.002" /></testsuite></testsuites>