<?xml version="1.0" encoding="utf-8"?><testsuites name="pytest tests"><testsuite name="pytest" errors="0" failures="0" skipped="0" tests="6" time="1.377" timestamp="2026-08-15T14:25:15.498205+00:00" hostname="agent-env-940eba5e-6d0b-461b-8108-ef9b0e984c6c"><testcase classname="tests.test_api" name="test_health" time="0.011" /><testcase classname="tests.test_api" name="test_valid_prediction_uses_real_artifact" time="0.756" /><testcase classname="tests.test_api" name="test_invalid_input_and_missing_field" time="0.004" /><testcase classname="tests.test_api" name="test_invalid_categorical_value" time="0.001" /><testcase classname="tests.test_api" name="test_model_loading_failure" time="0.002" /><testcase classname="tests.test_api" name="test_prediction_failure" time="0.003" /></testsuite></testsuites>